  main.cpp
E:\Calendar\Calendar\Calendar\main.cpp(34,35): warning C4244: "argument": konwersja z "int" do "T", możliwa utrata danych
          with
          [
              T=float
          ]
E:\Calendar\Calendar\Calendar\main.cpp(44,59): warning C4244: "argument": konwersja z "int" do "T", możliwa utrata danych
          with
          [
              T=float
          ]
E:\Calendar\Calendar\Calendar\main.cpp(44,39): warning C4244: "argument": konwersja z "int" do "T", możliwa utrata danych
          with
          [
              T=float
          ]
  Trwa generowanie kodu
  1 of 277 functions ( 0.4%) were compiled, the rest were copied from previous compilation.
    0 functions were new in current compilation
    5 functions had inline decision re-evaluated but remain unchanged
  Zakończono generowanie kodu
  Calendar.vcxproj -> E:\Calendar\Calendar\x64\Release\Calendar.exe
